<?xml version="1.0" encoding="UTF-8"?>
<!-- Generated by org.testng.reporters.JUnitReportReporter -->
<testsuite skipped="0" hostname="Vladimir-PK" name="tests.RESTAPITest" tests="2" failures="0" timestamp="02 июн 2018 12:40:51 GMT" time="0.000" errors="0">
  <testcase name="deleteTweet" time="0.000" classname="tests.RESTAPITest"/>
  <testcase name="postJIRAdefectTest" time="0.000" classname="tests.RESTAPITest"/>
</testsuite> <!-- tests.RESTAPITest -->
