<?xml version="1.0" encoding="UTF-8"?>
<!-- Generated by org.testng.reporters.JUnitReportReporter -->
<testsuite skipped="0" hostname="Vladimir-PK" name="tests.SeleniumTest" tests="2" failures="0" timestamp="04 июн 2018 20:00:07 GMT" time="0.000" errors="0">
  <testcase name="elementsUIAutomation" time="0.000" classname="tests.SeleniumTest"/>
  <testcase name="browserUIAutomation" time="0.000" classname="tests.SeleniumTest"/>
</testsuite> <!-- tests.SeleniumTest -->
