<?xml version="1.0" encoding="UTF-8"?>
<!-- Generated by org.testng.reporters.JUnitReportReporter -->
<testsuite skipped="0" hostname="Vladimir-PK" name="tests.AppiumTest" tests="2" failures="0" timestamp="02 июн 2018 12:40:51 GMT" time="0.008" errors="0">
  <testcase name="nativeAppAndroid" time="0.008" classname="tests.AppiumTest"/>
  <testcase name="nativeAppiOS" time="0.000" classname="tests.AppiumTest"/>
</testsuite> <!-- tests.AppiumTest -->
